chunk-UWIWKzN6.js:2 [AttaTransport] addReadyCallback is unimplements method, callback: function
index.ts-BGSox_8A.js:40 SetMessageChannel
page.js:5 Alpine Expression Error: btnActiveClass is not defined

Expression: "activeCategory === 'all' ? btnActiveClass : btnInactiveClass"

 <button @click=​"activeCategory = 'all'" class=​"inline-flex items-center px-4 py-2 rounded-none text-sm font-medium transition-all duration-300 border type-small" :class=​"activeCategory === 'all' ? btnActiveClass :​ btnInactiveClass" data-astro-cid-3ayfn5pw data-astro-source-file=​"E:​/​Github/​artaigc.cn/​src/​components/​product/​Products.astro" data-astro-source-loc=​"96:​12">​…​</button>​flex
handleError @ module.esm.js:435
（匿名） @ module.esm.js:513
Promise.catch（异步）
（匿名） @ module.esm.js:513
tryCatch @ module.esm.js:425
（匿名） @ module.esm.js:3011
reactiveEffect @ module.esm.js:1801
effect2 @ module.esm.js:1776
effect @ module.esm.js:51
wrappedEffect @ module.esm.js:67
handler2 @ module.esm.js:3011
flushHandlers @ module.esm.js:600
stopDeferring @ module.esm.js:605
deferHandlingDirectives @ module.esm.js:608
initTree @ module.esm.js:809
（匿名） @ module.esm.js:758
start @ module.esm.js:757
（匿名） @ page.js:5
显示另外 16 个框架
收起
page.js:5 Alpine Expression Error: iconActiveClass is not defined

Expression: "activeCategory === 'all' ? iconActiveClass : iconInactiveClass"

 <svg class=​"w-4 h-4 mr-2" :class=​"activeCategory === 'all' ? iconActiveClass :​ iconInactiveClass" viewBox=​"0 0 24 24" fill=​"none" stroke=​"currentColor" stroke-width=​"2" stroke-linecap=​"round" stroke-linejoin=​"round" data-astro-cid-3ayfn5pw data-astro-source-file=​"E:​/​Github/​artaigc.cn/​src/​components/​product/​Products.astro" data-astro-source-loc=​"97:​237">​…​</svg>​
handleError @ module.esm.js:435
（匿名） @ module.esm.js:513
Promise.catch（异步）
（匿名） @ module.esm.js:513
tryCatch @ module.esm.js:425
（匿名） @ module.esm.js:3011
reactiveEffect @ module.esm.js:1801
effect2 @ module.esm.js:1776
effect @ module.esm.js:51
wrappedEffect @ module.esm.js:67
handler2 @ module.esm.js:3011
flushHandlers @ module.esm.js:600
stopDeferring @ module.esm.js:605
deferHandlingDirectives @ module.esm.js:608
initTree @ module.esm.js:809
（匿名） @ module.esm.js:758
start @ module.esm.js:757
（匿名） @ page.js:5
显示另外 16 个框架
收起
page.js:5 Alpine Expression Error: btnInactiveClass is not defined

Expression: "activeCategory === 'independent' ? btnActiveClass : btnInactiveClass"

 <button @click=​"activeCategory = 'independent'" class=​"inline-flex items-center px-4 py-2 rounded-none text-sm font-medium transition-all duration-300 border type-small" :class=​"activeCategory === 'independent' ? btnActiveClass :​ btnInactiveClass" data-astro-cid-3ayfn5pw data-astro-source-file=​"E:​/​Github/​artaigc.cn/​src/​components/​product/​Products.astro" data-astro-source-loc=​"96:​12">​…​</button>​flex
handleError @ module.esm.js:435
（匿名） @ module.esm.js:513
Promise.catch（异步）
（匿名） @ module.esm.js:513
tryCatch @ module.esm.js:425
（匿名） @ module.esm.js:3011
reactiveEffect @ module.esm.js:1801
effect2 @ module.esm.js:1776
effect @ module.esm.js:51
wrappedEffect @ module.esm.js:67
handler2 @ module.esm.js:3011
flushHandlers @ module.esm.js:600
stopDeferring @ module.esm.js:605
deferHandlingDirectives @ module.esm.js:608
initTree @ module.esm.js:809
（匿名） @ module.esm.js:758
start @ module.esm.js:757
（匿名） @ page.js:5
显示另外 16 个框架
收起
page.js:5 Alpine Expression Error: iconInactiveClass is not defined

Expression: "activeCategory === 'independent' ? iconActiveClass : iconInactiveClass"

 <svg class=​"w-4 h-4 mr-2" :class=​"activeCategory === 'independent' ? iconActiveClass :​ iconInactiveClass" viewBox=​"0 0 24 24" fill=​"none" stroke=​"currentColor" stroke-width=​"2" stroke-linecap=​"round" stroke-linejoin=​"round" data-astro-cid-3ayfn5pw data-astro-source-file=​"E:​/​Github/​artaigc.cn/​src/​components/​product/​Products.astro" data-astro-source-loc=​"97:​237">​…​</svg>​
handleError @ module.esm.js:435
（匿名） @ module.esm.js:513
Promise.catch（异步）
（匿名） @ module.esm.js:513
tryCatch @ module.esm.js:425
（匿名） @ module.esm.js:3011
reactiveEffect @ module.esm.js:1801
effect2 @ module.esm.js:1776
effect @ module.esm.js:51
wrappedEffect @ module.esm.js:67
handler2 @ module.esm.js:3011
flushHandlers @ module.esm.js:600
stopDeferring @ module.esm.js:605
deferHandlingDirectives @ module.esm.js:608
initTree @ module.esm.js:809
（匿名） @ module.esm.js:758
start @ module.esm.js:757
（匿名） @ page.js:5
显示另外 16 个框架
收起
page.js:5 Alpine Expression Error: btnInactiveClass is not defined

Expression: "activeCategory === 'video' ? btnActiveClass : btnInactiveClass"

 <button @click=​"activeCategory = 'video'" class=​"inline-flex items-center px-4 py-2 rounded-none text-sm font-medium transition-all duration-300 border type-small" :class=​"activeCategory === 'video' ? btnActiveClass :​ btnInactiveClass" data-astro-cid-3ayfn5pw data-astro-source-file=​"E:​/​Github/​artaigc.cn/​src/​components/​product/​Products.astro" data-astro-source-loc=​"96:​12">​…​</button>​flex
handleError @ module.esm.js:435
（匿名） @ module.esm.js:513
Promise.catch（异步）
（匿名） @ module.esm.js:513
tryCatch @ module.esm.js:425
（匿名） @ module.esm.js:3011
reactiveEffect @ module.esm.js:1801
effect2 @ module.esm.js:1776
effect @ module.esm.js:51
wrappedEffect @ module.esm.js:67
handler2 @ module.esm.js:3011
flushHandlers @ module.esm.js:600
stopDeferring @ module.esm.js:605
deferHandlingDirectives @ module.esm.js:608
initTree @ module.esm.js:809
（匿名） @ module.esm.js:758
start @ module.esm.js:757
（匿名） @ page.js:5
显示另外 16 个框架
收起
page.js:5 Alpine Expression Error: iconInactiveClass is not defined

Expression: "activeCategory === 'video' ? iconActiveClass : iconInactiveClass"

 <svg class=​"w-4 h-4 mr-2" :class=​"activeCategory === 'video' ? iconActiveClass :​ iconInactiveClass" viewBox=​"0 0 24 24" fill=​"none" stroke=​"currentColor" stroke-width=​"2" stroke-linecap=​"round" stroke-linejoin=​"round" data-astro-cid-3ayfn5pw data-astro-source-file=​"E:​/​Github/​artaigc.cn/​src/​components/​product/​Products.astro" data-astro-source-loc=​"97:​237">​…​</svg>​
handleError @ module.esm.js:435
（匿名） @ module.esm.js:513
Promise.catch（异步）
（匿名） @ module.esm.js:513
tryCatch @ module.esm.js:425
（匿名） @ module.esm.js:3011
reactiveEffect @ module.esm.js:1801
effect2 @ module.esm.js:1776
effect @ module.esm.js:51
wrappedEffect @ module.esm.js:67
handler2 @ module.esm.js:3011
flushHandlers @ module.esm.js:600
stopDeferring @ module.esm.js:605
deferHandlingDirectives @ module.esm.js:608
initTree @ module.esm.js:809
（匿名） @ module.esm.js:758
start @ module.esm.js:757
（匿名） @ page.js:5
显示另外 16 个框架
收起
page.js:5 Alpine Expression Error: btnInactiveClass is not defined

Expression: "activeCategory === 'writing' ? btnActiveClass : btnInactiveClass"

 <button @click=​"activeCategory = 'writing'" class=​"inline-flex items-center px-4 py-2 rounded-none text-sm font-medium transition-all duration-300 border type-small" :class=​"activeCategory === 'writing' ? btnActiveClass :​ btnInactiveClass" data-astro-cid-3ayfn5pw data-astro-source-file=​"E:​/​Github/​artaigc.cn/​src/​components/​product/​Products.astro" data-astro-source-loc=​"96:​12">​…​</button>​flex
handleError @ module.esm.js:435
（匿名） @ module.esm.js:513
Promise.catch（异步）
（匿名） @ module.esm.js:513
tryCatch @ module.esm.js:425
（匿名） @ module.esm.js:3011
reactiveEffect @ module.esm.js:1801
effect2 @ module.esm.js:1776
effect @ module.esm.js:51
wrappedEffect @ module.esm.js:67
handler2 @ module.esm.js:3011
flushHandlers @ module.esm.js:600
stopDeferring @ module.esm.js:605
deferHandlingDirectives @ module.esm.js:608
initTree @ module.esm.js:809
（匿名） @ module.esm.js:758
start @ module.esm.js:757
（匿名） @ page.js:5
显示另外 16 个框架
收起
page.js:5 Alpine Expression Error: iconInactiveClass is not defined

Expression: "activeCategory === 'writing' ? iconActiveClass : iconInactiveClass"

 <svg class=​"w-4 h-4 mr-2" :class=​"activeCategory === 'writing' ? iconActiveClass :​ iconInactiveClass" viewBox=​"0 0 24 24" fill=​"none" stroke=​"currentColor" stroke-width=​"2" stroke-linecap=​"round" stroke-linejoin=​"round" data-astro-cid-3ayfn5pw data-astro-source-file=​"E:​/​Github/​artaigc.cn/​src/​components/​product/​Products.astro" data-astro-source-loc=​"97:​237">​…​</svg>​
handleError @ module.esm.js:435
（匿名） @ module.esm.js:513
Promise.catch（异步）
（匿名） @ module.esm.js:513
tryCatch @ module.esm.js:425
（匿名） @ module.esm.js:3011
reactiveEffect @ module.esm.js:1801
effect2 @ module.esm.js:1776
effect @ module.esm.js:51
wrappedEffect @ module.esm.js:67
handler2 @ module.esm.js:3011
flushHandlers @ module.esm.js:600
stopDeferring @ module.esm.js:605
deferHandlingDirectives @ module.esm.js:608
initTree @ module.esm.js:809
（匿名） @ module.esm.js:758
start @ module.esm.js:757
（匿名） @ page.js:5
显示另外 16 个框架
收起
page.js:5 Alpine Expression Error: btnInactiveClass is not defined

Expression: "activeCategory === 'enterprise' ? btnActiveClass : btnInactiveClass"

 <button @click=​"activeCategory = 'enterprise'" class=​"inline-flex items-center px-4 py-2 rounded-none text-sm font-medium transition-all duration-300 border type-small" :class=​"activeCategory === 'enterprise' ? btnActiveClass :​ btnInactiveClass" data-astro-cid-3ayfn5pw data-astro-source-file=​"E:​/​Github/​artaigc.cn/​src/​components/​product/​Products.astro" data-astro-source-loc=​"96:​12">​…​</button>​flex
handleError @ module.esm.js:435
（匿名） @ module.esm.js:513
Promise.catch（异步）
（匿名） @ module.esm.js:513
tryCatch @ module.esm.js:425
（匿名） @ module.esm.js:3011
reactiveEffect @ module.esm.js:1801
effect2 @ module.esm.js:1776
effect @ module.esm.js:51
wrappedEffect @ module.esm.js:67
handler2 @ module.esm.js:3011
flushHandlers @ module.esm.js:600
stopDeferring @ module.esm.js:605
deferHandlingDirectives @ module.esm.js:608
initTree @ module.esm.js:809
（匿名） @ module.esm.js:758
start @ module.esm.js:757
（匿名） @ page.js:5
显示另外 16 个框架
收起
page.js:5 Alpine Expression Error: iconInactiveClass is not defined

Expression: "activeCategory === 'enterprise' ? iconActiveClass : iconInactiveClass"

 <svg class=​"w-4 h-4 mr-2" :class=​"activeCategory === 'enterprise' ? iconActiveClass :​ iconInactiveClass" viewBox=​"0 0 24 24" fill=​"none" stroke=​"currentColor" stroke-width=​"2" stroke-linecap=​"round" stroke-linejoin=​"round" data-astro-cid-3ayfn5pw data-astro-source-file=​"E:​/​Github/​artaigc.cn/​src/​components/​product/​Products.astro" data-astro-source-loc=​"97:​237">​…​</svg>​
handleError @ module.esm.js:435
（匿名） @ module.esm.js:513
Promise.catch（异步）
（匿名） @ module.esm.js:513
tryCatch @ module.esm.js:425
（匿名） @ module.esm.js:3011
reactiveEffect @ module.esm.js:1801
effect2 @ module.esm.js:1776
effect @ module.esm.js:51
wrappedEffect @ module.esm.js:67
handler2 @ module.esm.js:3011
flushHandlers @ module.esm.js:600
stopDeferring @ module.esm.js:605
deferHandlingDirectives @ module.esm.js:608
initTree @ module.esm.js:809
（匿名） @ module.esm.js:758
start @ module.esm.js:757
（匿名） @ page.js:5
显示另外 16 个框架
收起
page.js:5 Alpine Expression Error: btnInactiveClass is not defined

Expression: "activeCategory === 'efficiency' ? btnActiveClass : btnInactiveClass"

 <button @click=​"activeCategory = 'efficiency'" class=​"inline-flex items-center px-4 py-2 rounded-none text-sm font-medium transition-all duration-300 border type-small" :class=​"activeCategory === 'efficiency' ? btnActiveClass :​ btnInactiveClass" data-astro-cid-3ayfn5pw data-astro-source-file=​"E:​/​Github/​artaigc.cn/​src/​components/​product/​Products.astro" data-astro-source-loc=​"96:​12">​…​</button>​flex
handleError @ module.esm.js:435
（匿名） @ module.esm.js:513
Promise.catch（异步）
（匿名） @ module.esm.js:513
tryCatch @ module.esm.js:425
（匿名） @ module.esm.js:3011
reactiveEffect @ module.esm.js:1801
effect2 @ module.esm.js:1776
effect @ module.esm.js:51
wrappedEffect @ module.esm.js:67
handler2 @ module.esm.js:3011
flushHandlers @ module.esm.js:600
stopDeferring @ module.esm.js:605
deferHandlingDirectives @ module.esm.js:608
initTree @ module.esm.js:809
（匿名） @ module.esm.js:758
start @ module.esm.js:757
（匿名） @ page.js:5
显示另外 16 个框架
收起
page.js:5 Alpine Expression Error: iconInactiveClass is not defined

Expression: "activeCategory === 'efficiency' ? iconActiveClass : iconInactiveClass"

 <svg class=​"w-4 h-4 mr-2" :class=​"activeCategory === 'efficiency' ? iconActiveClass :​ iconInactiveClass" viewBox=​"0 0 24 24" fill=​"none" stroke=​"currentColor" stroke-width=​"2" stroke-linecap=​"round" stroke-linejoin=​"round" data-astro-cid-3ayfn5pw data-astro-source-file=​"E:​/​Github/​artaigc.cn/​src/​components/​product/​Products.astro" data-astro-source-loc=​"97:​237">​…​</svg>​
handleError @ module.esm.js:435
（匿名） @ module.esm.js:513
Promise.catch（异步）
（匿名） @ module.esm.js:513
tryCatch @ module.esm.js:425
（匿名） @ module.esm.js:3011
reactiveEffect @ module.esm.js:1801
effect2 @ module.esm.js:1776
effect @ module.esm.js:51
wrappedEffect @ module.esm.js:67
handler2 @ module.esm.js:3011
flushHandlers @ module.esm.js:600
stopDeferring @ module.esm.js:605
deferHandlingDirectives @ module.esm.js:608
initTree @ module.esm.js:809
（匿名） @ module.esm.js:758
start @ module.esm.js:757
（匿名） @ page.js:5
显示另外 16 个框架
收起
module.esm.js:439 Uncaught ReferenceError: btnActiveClass is not defined
    at [Alpine] activeCategory === 'all' ? btnActiveClass : btnInactiveClass (eval at safeAsyncFunction (module.esm.js:488:19), <anonymous>:3:59)
    at module.esm.js:513:21
    at tryCatch (module.esm.js:425:12)
    at module.esm.js:3011:17
    at reactiveEffect (module.esm.js:1801:16)
    at Object.effect2 [as effect] (module.esm.js:1776:5)
    at effect (module.esm.js:51:33)
    at wrappedEffect (module.esm.js:67:27)
    at Function.handler2 (module.esm.js:3011:3)
    at flushHandlers (module.esm.js:600:45)
[Alpine] activeCategory === 'all' ? btnActiveClass : btnInactiveClass @ VM100:3
（匿名） @ module.esm.js:513
tryCatch @ module.esm.js:425
（匿名） @ module.esm.js:3011
reactiveEffect @ module.esm.js:1801
effect2 @ module.esm.js:1776
effect @ module.esm.js:51
wrappedEffect @ module.esm.js:67
handler2 @ module.esm.js:3011
flushHandlers @ module.esm.js:600
stopDeferring @ module.esm.js:605
deferHandlingDirectives @ module.esm.js:608
initTree @ module.esm.js:809
（匿名） @ module.esm.js:758
start @ module.esm.js:757
（匿名） @ page.js:5
setTimeout（异步）
handleError @ module.esm.js:438
（匿名） @ module.esm.js:513
Promise.catch（异步）
（匿名） @ module.esm.js:513
tryCatch @ module.esm.js:425
（匿名） @ module.esm.js:3011
reactiveEffect @ module.esm.js:1801
effect2 @ module.esm.js:1776
effect @ module.esm.js:51
wrappedEffect @ module.esm.js:67
handler2 @ module.esm.js:3011
flushHandlers @ module.esm.js:600
stopDeferring @ module.esm.js:605
deferHandlingDirectives @ module.esm.js:608
initTree @ module.esm.js:809
（匿名） @ module.esm.js:758
start @ module.esm.js:757
（匿名） @ page.js:5
显示另外 30 个框架
收起
module.esm.js:439 Uncaught ReferenceError: iconActiveClass is not defined
    at [Alpine] activeCategory === 'all' ? iconActiveClass : iconInactiveClass (eval at safeAsyncFunction (module.esm.js:488:19), <anonymous>:3:59)
    at module.esm.js:513:21
    at tryCatch (module.esm.js:425:12)
    at module.esm.js:3011:17
    at reactiveEffect (module.esm.js:1801:16)
    at Object.effect2 [as effect] (module.esm.js:1776:5)
    at effect (module.esm.js:51:33)
    at wrappedEffect (module.esm.js:67:27)
    at Function.handler2 (module.esm.js:3011:3)
    at flushHandlers (module.esm.js:600:45)
[Alpine] activeCategory === 'all' ? iconActiveClass : iconInactiveClass @ VM102:3
（匿名） @ module.esm.js:513
tryCatch @ module.esm.js:425
（匿名） @ module.esm.js:3011
reactiveEffect @ module.esm.js:1801
effect2 @ module.esm.js:1776
effect @ module.esm.js:51
wrappedEffect @ module.esm.js:67
handler2 @ module.esm.js:3011
flushHandlers @ module.esm.js:600
stopDeferring @ module.esm.js:605
deferHandlingDirectives @ module.esm.js:608
initTree @ module.esm.js:809
（匿名） @ module.esm.js:758
start @ module.esm.js:757
（匿名） @ page.js:5
setTimeout（异步）
handleError @ module.esm.js:438
（匿名） @ module.esm.js:513
Promise.catch（异步）
（匿名） @ module.esm.js:513
tryCatch @ module.esm.js:425
（匿名） @ module.esm.js:3011
reactiveEffect @ module.esm.js:1801
effect2 @ module.esm.js:1776
effect @ module.esm.js:51
wrappedEffect @ module.esm.js:67
handler2 @ module.esm.js:3011
flushHandlers @ module.esm.js:600
stopDeferring @ module.esm.js:605
deferHandlingDirectives @ module.esm.js:608
initTree @ module.esm.js:809
（匿名） @ module.esm.js:758
start @ module.esm.js:757
（匿名） @ page.js:5
显示另外 30 个框架
收起
module.esm.js:439 Uncaught ReferenceError: btnInactiveClass is not defined
    at [Alpine] activeCategory === 'independent' ? btnActiveClass : btnInactiveClass (eval at safeAsyncFunction (module.esm.js:488:19), <anonymous>:3:84)
    at module.esm.js:513:21
    at tryCatch (module.esm.js:425:12)
    at module.esm.js:3011:17
    at reactiveEffect (module.esm.js:1801:16)
    at Object.effect2 [as effect] (module.esm.js:1776:5)
    at effect (module.esm.js:51:33)
    at wrappedEffect (module.esm.js:67:27)
    at Function.handler2 (module.esm.js:3011:3)
    at flushHandlers (module.esm.js:600:45)
[Alpine] activeCategory === 'independent' ? btnActiveClass : btnInactiveClass @ VM103:3
（匿名） @ module.esm.js:513
tryCatch @ module.esm.js:425
（匿名） @ module.esm.js:3011
reactiveEffect @ module.esm.js:1801
effect2 @ module.esm.js:1776
effect @ module.esm.js:51
wrappedEffect @ module.esm.js:67
handler2 @ module.esm.js:3011
flushHandlers @ module.esm.js:600
stopDeferring @ module.esm.js:605
deferHandlingDirectives @ module.esm.js:608
initTree @ module.esm.js:809
（匿名） @ module.esm.js:758
start @ module.esm.js:757
（匿名） @ page.js:5
setTimeout（异步）
handleError @ module.esm.js:438
（匿名） @ module.esm.js:513
Promise.catch（异步）
（匿名） @ module.esm.js:513
tryCatch @ module.esm.js:425
（匿名） @ module.esm.js:3011
reactiveEffect @ module.esm.js:1801
effect2 @ module.esm.js:1776
effect @ module.esm.js:51
wrappedEffect @ module.esm.js:67
handler2 @ module.esm.js:3011
flushHandlers @ module.esm.js:600
stopDeferring @ module.esm.js:605
deferHandlingDirectives @ module.esm.js:608
initTree @ module.esm.js:809
（匿名） @ module.esm.js:758
start @ module.esm.js:757
（匿名） @ page.js:5
显示另外 30 个框架
收起
module.esm.js:439 Uncaught ReferenceError: iconInactiveClass is not defined
    at [Alpine] activeCategory === 'independent' ? iconActiveClass : iconInactiveClass (eval at safeAsyncFunction (module.esm.js:488:19), <anonymous>:3:85)
    at module.esm.js:513:21
    at tryCatch (module.esm.js:425:12)
    at module.esm.js:3011:17
    at reactiveEffect (module.esm.js:1801:16)
    at Object.effect2 [as effect] (module.esm.js:1776:5)
    at effect (module.esm.js:51:33)
    at wrappedEffect (module.esm.js:67:27)
    at Function.handler2 (module.esm.js:3011:3)
    at flushHandlers (module.esm.js:600:45)
[Alpine] activeCategory === 'independent' ? iconActiveClass : iconInactiveClass @ VM105:3
（匿名） @ module.esm.js:513
tryCatch @ module.esm.js:425
（匿名） @ module.esm.js:3011
reactiveEffect @ module.esm.js:1801
effect2 @ module.esm.js:1776
effect @ module.esm.js:51
wrappedEffect @ module.esm.js:67
handler2 @ module.esm.js:3011
flushHandlers @ module.esm.js:600
stopDeferring @ module.esm.js:605
deferHandlingDirectives @ module.esm.js:608
initTree @ module.esm.js:809
（匿名） @ module.esm.js:758
start @ module.esm.js:757
（匿名） @ page.js:5
setTimeout（异步）
handleError @ module.esm.js:438
（匿名） @ module.esm.js:513
Promise.catch（异步）
（匿名） @ module.esm.js:513
tryCatch @ module.esm.js:425
（匿名） @ module.esm.js:3011
reactiveEffect @ module.esm.js:1801
effect2 @ module.esm.js:1776
effect @ module.esm.js:51
wrappedEffect @ module.esm.js:67
handler2 @ module.esm.js:3011
flushHandlers @ module.esm.js:600
stopDeferring @ module.esm.js:605
deferHandlingDirectives @ module.esm.js:608
initTree @ module.esm.js:809
（匿名） @ module.esm.js:758
start @ module.esm.js:757
（匿名） @ page.js:5
显示另外 30 个框架
收起
module.esm.js:439 Uncaught ReferenceError: btnInactiveClass is not defined
    at [Alpine] activeCategory === 'video' ? btnActiveClass : btnInactiveClass (eval at safeAsyncFunction (module.esm.js:488:19), <anonymous>:3:78)
    at module.esm.js:513:21
    at tryCatch (module.esm.js:425:12)
    at module.esm.js:3011:17
    at reactiveEffect (module.esm.js:1801:16)
    at Object.effect2 [as effect] (module.esm.js:1776:5)
    at effect (module.esm.js:51:33)
    at wrappedEffect (module.esm.js:67:27)
    at Function.handler2 (module.esm.js:3011:3)
    at flushHandlers (module.esm.js:600:45)
[Alpine] activeCategory === 'video' ? btnActiveClass : btnInactiveClass @ VM106:3
（匿名） @ module.esm.js:513
tryCatch @ module.esm.js:425
（匿名） @ module.esm.js:3011
reactiveEffect @ module.esm.js:1801
effect2 @ module.esm.js:1776
effect @ module.esm.js:51
wrappedEffect @ module.esm.js:67
handler2 @ module.esm.js:3011
flushHandlers @ module.esm.js:600
stopDeferring @ module.esm.js:605
deferHandlingDirectives @ module.esm.js:608
initTree @ module.esm.js:809
（匿名） @ module.esm.js:758
start @ module.esm.js:757
（匿名） @ page.js:5
setTimeout（异步）
handleError @ module.esm.js:438
（匿名） @ module.esm.js:513
Promise.catch（异步）
（匿名） @ module.esm.js:513
tryCatch @ module.esm.js:425
（匿名） @ module.esm.js:3011
reactiveEffect @ module.esm.js:1801
effect2 @ module.esm.js:1776
effect @ module.esm.js:51
wrappedEffect @ module.esm.js:67
handler2 @ module.esm.js:3011
flushHandlers @ module.esm.js:600
stopDeferring @ module.esm.js:605
deferHandlingDirectives @ module.esm.js:608
initTree @ module.esm.js:809
（匿名） @ module.esm.js:758
start @ module.esm.js:757
（匿名） @ page.js:5
显示另外 30 个框架
收起
module.esm.js:439 Uncaught ReferenceError: iconInactiveClass is not defined
    at [Alpine] activeCategory === 'video' ? iconActiveClass : iconInactiveClass (eval at safeAsyncFunction (module.esm.js:488:19), <anonymous>:3:79)
    at module.esm.js:513:21
    at tryCatch (module.esm.js:425:12)
    at module.esm.js:3011:17
    at reactiveEffect (module.esm.js:1801:16)
    at Object.effect2 [as effect] (module.esm.js:1776:5)
    at effect (module.esm.js:51:33)
    at wrappedEffect (module.esm.js:67:27)
    at Function.handler2 (module.esm.js:3011:3)
    at flushHandlers (module.esm.js:600:45)
[Alpine] activeCategory === 'video' ? iconActiveClass : iconInactiveClass @ VM108:3
（匿名） @ module.esm.js:513
tryCatch @ module.esm.js:425
（匿名） @ module.esm.js:3011
reactiveEffect @ module.esm.js:1801
effect2 @ module.esm.js:1776
effect @ module.esm.js:51
wrappedEffect @ module.esm.js:67
handler2 @ module.esm.js:3011
flushHandlers @ module.esm.js:600
stopDeferring @ module.esm.js:605
deferHandlingDirectives @ module.esm.js:608
initTree @ module.esm.js:809
（匿名） @ module.esm.js:758
start @ module.esm.js:757
（匿名） @ page.js:5
setTimeout（异步）
handleError @ module.esm.js:438
（匿名） @ module.esm.js:513
Promise.catch（异步）
（匿名） @ module.esm.js:513
tryCatch @ module.esm.js:425
（匿名） @ module.esm.js:3011
reactiveEffect @ module.esm.js:1801
effect2 @ module.esm.js:1776
effect @ module.esm.js:51
wrappedEffect @ module.esm.js:67
handler2 @ module.esm.js:3011
flushHandlers @ module.esm.js:600
stopDeferring @ module.esm.js:605
deferHandlingDirectives @ module.esm.js:608
initTree @ module.esm.js:809
（匿名） @ module.esm.js:758
start @ module.esm.js:757
（匿名） @ page.js:5
显示另外 30 个框架
收起
module.esm.js:439 Uncaught ReferenceError: btnInactiveClass is not defined
    at [Alpine] activeCategory === 'writing' ? btnActiveClass : btnInactiveClass (eval at safeAsyncFunction (module.esm.js:488:19), <anonymous>:3:80)
    at module.esm.js:513:21
    at tryCatch (module.esm.js:425:12)
    at module.esm.js:3011:17
    at reactiveEffect (module.esm.js:1801:16)
    at Object.effect2 [as effect] (module.esm.js:1776:5)
    at effect (module.esm.js:51:33)
    at wrappedEffect (module.esm.js:67:27)
    at Function.handler2 (module.esm.js:3011:3)
    at flushHandlers (module.esm.js:600:45)
[Alpine] activeCategory === 'writing' ? btnActiveClass : btnInactiveClass @ VM109:3
（匿名） @ module.esm.js:513
tryCatch @ module.esm.js:425
（匿名） @ module.esm.js:3011
reactiveEffect @ module.esm.js:1801
effect2 @ module.esm.js:1776
effect @ module.esm.js:51
wrappedEffect @ module.esm.js:67
handler2 @ module.esm.js:3011
flushHandlers @ module.esm.js:600
stopDeferring @ module.esm.js:605
deferHandlingDirectives @ module.esm.js:608
initTree @ module.esm.js:809
（匿名） @ module.esm.js:758
start @ module.esm.js:757
（匿名） @ page.js:5
setTimeout（异步）
handleError @ module.esm.js:438
（匿名） @ module.esm.js:513
Promise.catch（异步）
（匿名） @ module.esm.js:513
tryCatch @ module.esm.js:425
（匿名） @ module.esm.js:3011
reactiveEffect @ module.esm.js:1801
effect2 @ module.esm.js:1776
effect @ module.esm.js:51
wrappedEffect @ module.esm.js:67
handler2 @ module.esm.js:3011
flushHandlers @ module.esm.js:600
stopDeferring @ module.esm.js:605
deferHandlingDirectives @ module.esm.js:608
initTree @ module.esm.js:809
（匿名） @ module.esm.js:758
start @ module.esm.js:757
（匿名） @ page.js:5
显示另外 30 个框架
收起
module.esm.js:439 Uncaught ReferenceError: iconInactiveClass is not defined
    at [Alpine] activeCategory === 'writing' ? iconActiveClass : iconInactiveClass (eval at safeAsyncFunction (module.esm.js:488:19), <anonymous>:3:81)
    at module.esm.js:513:21
    at tryCatch (module.esm.js:425:12)
    at module.esm.js:3011:17
    at reactiveEffect (module.esm.js:1801:16)
    at Object.effect2 [as effect] (module.esm.js:1776:5)
    at effect (module.esm.js:51:33)
    at wrappedEffect (module.esm.js:67:27)
    at Function.handler2 (module.esm.js:3011:3)
    at flushHandlers (module.esm.js:600:45)
[Alpine] activeCategory === 'writing' ? iconActiveClass : iconInactiveClass @ VM111:3
（匿名） @ module.esm.js:513
tryCatch @ module.esm.js:425
（匿名） @ module.esm.js:3011
reactiveEffect @ module.esm.js:1801
effect2 @ module.esm.js:1776
effect @ module.esm.js:51
wrappedEffect @ module.esm.js:67
handler2 @ module.esm.js:3011
flushHandlers @ module.esm.js:600
stopDeferring @ module.esm.js:605
deferHandlingDirectives @ module.esm.js:608
initTree @ module.esm.js:809
（匿名） @ module.esm.js:758
start @ module.esm.js:757
（匿名） @ page.js:5
setTimeout（异步）
handleError @ module.esm.js:438
（匿名） @ module.esm.js:513
Promise.catch（异步）
（匿名） @ module.esm.js:513
tryCatch @ module.esm.js:425
（匿名） @ module.esm.js:3011
reactiveEffect @ module.esm.js:1801
effect2 @ module.esm.js:1776
effect @ module.esm.js:51
wrappedEffect @ module.esm.js:67
handler2 @ module.esm.js:3011
flushHandlers @ module.esm.js:600
stopDeferring @ module.esm.js:605
deferHandlingDirectives @ module.esm.js:608
initTree @ module.esm.js:809
（匿名） @ module.esm.js:758
start @ module.esm.js:757
（匿名） @ page.js:5
显示另外 30 个框架
收起
module.esm.js:439 Uncaught ReferenceError: btnInactiveClass is not defined
    at [Alpine] activeCategory === 'enterprise' ? btnActiveClass : btnInactiveClass (eval at safeAsyncFunction (module.esm.js:488:19), <anonymous>:3:83)
    at module.esm.js:513:21
    at tryCatch (module.esm.js:425:12)
    at module.esm.js:3011:17
    at reactiveEffect (module.esm.js:1801:16)
    at Object.effect2 [as effect] (module.esm.js:1776:5)
    at effect (module.esm.js:51:33)
    at wrappedEffect (module.esm.js:67:27)
    at Function.handler2 (module.esm.js:3011:3)
    at flushHandlers (module.esm.js:600:45)
[Alpine] activeCategory === 'enterprise' ? btnActiveClass : btnInactiveClass @ VM112:3
（匿名） @ module.esm.js:513
tryCatch @ module.esm.js:425
（匿名） @ module.esm.js:3011
reactiveEffect @ module.esm.js:1801
effect2 @ module.esm.js:1776
effect @ module.esm.js:51
wrappedEffect @ module.esm.js:67
handler2 @ module.esm.js:3011
flushHandlers @ module.esm.js:600
stopDeferring @ module.esm.js:605
deferHandlingDirectives @ module.esm.js:608
initTree @ module.esm.js:809
（匿名） @ module.esm.js:758
start @ module.esm.js:757
（匿名） @ page.js:5
setTimeout（异步）
handleError @ module.esm.js:438
（匿名） @ module.esm.js:513
Promise.catch（异步）
（匿名） @ module.esm.js:513
tryCatch @ module.esm.js:425
（匿名） @ module.esm.js:3011
reactiveEffect @ module.esm.js:1801
effect2 @ module.esm.js:1776
effect @ module.esm.js:51
wrappedEffect @ module.esm.js:67
handler2 @ module.esm.js:3011
flushHandlers @ module.esm.js:600
stopDeferring @ module.esm.js:605
deferHandlingDirectives @ module.esm.js:608
initTree @ module.esm.js:809
（匿名） @ module.esm.js:758
start @ module.esm.js:757
（匿名） @ page.js:5
显示另外 30 个框架
收起
module.esm.js:439 Uncaught ReferenceError: iconInactiveClass is not defined
    at [Alpine] activeCategory === 'enterprise' ? iconActiveClass : iconInactiveClass (eval at safeAsyncFunction (module.esm.js:488:19), <anonymous>:3:84)
    at module.esm.js:513:21
    at tryCatch (module.esm.js:425:12)
    at module.esm.js:3011:17
    at reactiveEffect (module.esm.js:1801:16)
    at Object.effect2 [as effect] (module.esm.js:1776:5)
    at effect (module.esm.js:51:33)
    at wrappedEffect (module.esm.js:67:27)
    at Function.handler2 (module.esm.js:3011:3)
    at flushHandlers (module.esm.js:600:45)
[Alpine] activeCategory === 'enterprise' ? iconActiveClass : iconInactiveClass @ VM114:3
（匿名） @ module.esm.js:513
tryCatch @ module.esm.js:425
（匿名） @ module.esm.js:3011
reactiveEffect @ module.esm.js:1801
effect2 @ module.esm.js:1776
effect @ module.esm.js:51
wrappedEffect @ module.esm.js:67
handler2 @ module.esm.js:3011
flushHandlers @ module.esm.js:600
stopDeferring @ module.esm.js:605
deferHandlingDirectives @ module.esm.js:608
initTree @ module.esm.js:809
（匿名） @ module.esm.js:758
start @ module.esm.js:757
（匿名） @ page.js:5
setTimeout（异步）
handleError @ module.esm.js:438
（匿名） @ module.esm.js:513
Promise.catch（异步）
（匿名） @ module.esm.js:513
tryCatch @ module.esm.js:425
（匿名） @ module.esm.js:3011
reactiveEffect @ module.esm.js:1801
effect2 @ module.esm.js:1776
effect @ module.esm.js:51
wrappedEffect @ module.esm.js:67
handler2 @ module.esm.js:3011
flushHandlers @ module.esm.js:600
stopDeferring @ module.esm.js:605
deferHandlingDirectives @ module.esm.js:608
initTree @ module.esm.js:809
（匿名） @ module.esm.js:758
start @ module.esm.js:757
（匿名） @ page.js:5
显示另外 30 个框架
收起
module.esm.js:439 Uncaught ReferenceError: btnInactiveClass is not defined
    at [Alpine] activeCategory === 'efficiency' ? btnActiveClass : btnInactiveClass (eval at safeAsyncFunction (module.esm.js:488:19), <anonymous>:3:83)
    at module.esm.js:513:21
    at tryCatch (module.esm.js:425:12)
    at module.esm.js:3011:17
    at reactiveEffect (module.esm.js:1801:16)
    at Object.effect2 [as effect] (module.esm.js:1776:5)
    at effect (module.esm.js:51:33)
    at wrappedEffect (module.esm.js:67:27)
    at Function.handler2 (module.esm.js:3011:3)
    at flushHandlers (module.esm.js:600:45)
[Alpine] activeCategory === 'efficiency' ? btnActiveClass : btnInactiveClass @ VM115:3
（匿名） @ module.esm.js:513
tryCatch @ module.esm.js:425
（匿名） @ module.esm.js:3011
reactiveEffect @ module.esm.js:1801
effect2 @ module.esm.js:1776
effect @ module.esm.js:51
wrappedEffect @ module.esm.js:67
handler2 @ module.esm.js:3011
flushHandlers @ module.esm.js:600
stopDeferring @ module.esm.js:605
deferHandlingDirectives @ module.esm.js:608
initTree @ module.esm.js:809
（匿名） @ module.esm.js:758
start @ module.esm.js:757
（匿名） @ page.js:5
setTimeout（异步）
handleError @ module.esm.js:438
（匿名） @ module.esm.js:513
Promise.catch（异步）
（匿名） @ module.esm.js:513
tryCatch @ module.esm.js:425
（匿名） @ module.esm.js:3011
reactiveEffect @ module.esm.js:1801
effect2 @ module.esm.js:1776
effect @ module.esm.js:51
wrappedEffect @ module.esm.js:67
handler2 @ module.esm.js:3011
flushHandlers @ module.esm.js:600
stopDeferring @ module.esm.js:605
deferHandlingDirectives @ module.esm.js:608
initTree @ module.esm.js:809
（匿名） @ module.esm.js:758
start @ module.esm.js:757
（匿名） @ page.js:5
显示另外 30 个框架
收起
module.esm.js:439 Uncaught ReferenceError: iconInactiveClass is not defined
    at [Alpine] activeCategory === 'efficiency' ? iconActiveClass : iconInactiveClass (eval at safeAsyncFunction (module.esm.js:488:19), <anonymous>:3:84)
    at module.esm.js:513:21
    at tryCatch (module.esm.js:425:12)
    at module.esm.js:3011:17
    at reactiveEffect (module.esm.js:1801:16)
    at Object.effect2 [as effect] (module.esm.js:1776:5)
    at effect (module.esm.js:51:33)
    at wrappedEffect (module.esm.js:67:27)
    at Function.handler2 (module.esm.js:3011:3)
    at flushHandlers (module.esm.js:600:45)
[Alpine] activeCategory === 'efficiency' ? iconActiveClass : iconInactiveClass @ VM117:3
（匿名） @ module.esm.js:513
tryCatch @ module.esm.js:425
（匿名） @ module.esm.js:3011
reactiveEffect @ module.esm.js:1801
effect2 @ module.esm.js:1776
effect @ module.esm.js:51
wrappedEffect @ module.esm.js:67
handler2 @ module.esm.js:3011
flushHandlers @ module.esm.js:600
stopDeferring @ module.esm.js:605
deferHandlingDirectives @ module.esm.js:608
initTree @ module.esm.js:809
（匿名） @ module.esm.js:758
start @ module.esm.js:757
（匿名） @ page.js:5
setTimeout（异步）
handleError @ module.esm.js:438
（匿名） @ module.esm.js:513
Promise.catch（异步）
（匿名） @ module.esm.js:513
tryCatch @ module.esm.js:425
（匿名） @ module.esm.js:3011
reactiveEffect @ module.esm.js:1801
effect2 @ module.esm.js:1776
effect @ module.esm.js:51
wrappedEffect @ module.esm.js:67
handler2 @ module.esm.js:3011
flushHandlers @ module.esm.js:600
stopDeferring @ module.esm.js:605
deferHandlingDirectives @ module.esm.js:608
initTree @ module.esm.js:809
（匿名） @ module.esm.js:758
start @ module.esm.js:757
（匿名） @ page.js:5
显示另外 30 个框架
收起
index.js:50 [阅读模式] [版本号]"4.2.7"
content.js:1 Content Script 未知消息类型: ENABLE_FEATURES
handleMessage @ content.js:1
（匿名） @ content.js:1
